\BOOKMARK [1][-]{section.0.1}{Administrativa}{}% 1
\BOOKMARK [0][-]{chapter.1}{Vectors}{}% 2
\BOOKMARK [1][-]{section.1.1}{Vectors in Rn}{chapter.1}% 3
\BOOKMARK [1][-]{section.1.2}{Basic Definitions}{chapter.1}% 4
\BOOKMARK [1][-]{section.1.3}{The Dot Product}{chapter.1}% 5
\BOOKMARK [1][-]{section.1.4}{The Vector Norm}{chapter.1}% 6
\BOOKMARK [1][-]{section.1.5}{Theorem: Cauchy-Schwarz Inequality}{chapter.1}% 7
\BOOKMARK [1][-]{section.1.6}{Theorem: Minkowski Triangle Inequality}{chapter.1}% 8
\BOOKMARK [1][-]{section.1.7}{Geometry with Vectors}{chapter.1}% 9
\BOOKMARK [0][-]{chapter.2}{Algebra of Matrices}{}% 10
\BOOKMARK [1][-]{section.2.1}{Introduction}{chapter.2}% 11
\BOOKMARK [1][-]{section.2.2}{Definitions and Properties of Matrices}{chapter.2}% 12
\BOOKMARK [1][-]{section.2.3}{Complex Numbers}{chapter.2}% 13
\BOOKMARK [0][-]{chapter.3}{Systems of Linear Equations}{}% 14
\BOOKMARK [1][-]{section.3.1}{Representing Linear Systems with Matrices}{chapter.3}% 15
\BOOKMARK [1][-]{section.3.2}{Elementary Row Operations}{chapter.3}% 16
\BOOKMARK [1][-]{section.3.3}{Examples}{chapter.3}% 17
\BOOKMARK [0][-]{chapter.4}{Vector Spaces}{}% 18
\BOOKMARK [1][-]{section.4.1}{Introduction}{chapter.4}% 19
\BOOKMARK [1][-]{section.4.2}{Basic Definitions}{chapter.4}% 20
\BOOKMARK [1][-]{section.4.3}{Examples of Vector Spaces}{chapter.4}% 21
\BOOKMARK [1][-]{section.4.4}{Vector Subspaces}{chapter.4}% 22
\BOOKMARK [1][-]{section.4.5}{Examples of Vector Subspaces}{chapter.4}% 23
\BOOKMARK [1][-]{section.4.6}{More on Vector Spaces}{chapter.4}% 24
\BOOKMARK [1][-]{section.4.7}{Linear Combinations}{chapter.4}% 25
\BOOKMARK [1][-]{section.4.8}{The Span of a Vector Space}{chapter.4}% 26
